[09.11.2014 13:24:23,975] [main] INFO  org.jgap.gp.impl.GPGenotype  - Creating initial population
[09.11.2014 13:24:23,984] [main] INFO  org.jgap.gp.impl.GPGenotype  - Mem free: 61.5 MB
[09.11.2014 13:24:23,995] [main] INFO  org.jgap.gp.impl.GPPopulation  - Prototype program set
[09.11.2014 13:24:24,165] [main] INFO  org.jgap.gp.impl.GPGenotype  - Mem free after creating population: 61.5 MB
[09.11.2014 13:24:24,168] [main] INFO  org.jgap.gp.impl.GPGenotype  - Evolving generation 0, memory free: 59.2 MB
[09.11.2014 13:24:24,289] [main] INFO  org.jgap.gp.impl.GPGenotype  - Best solution fitness: 112.0
[09.11.2014 13:24:24,300] [main] INFO  org.jgap.gp.impl.GPGenotype  - Best solution: (X * X) + ((X * 3) + Y)
[09.11.2014 13:24:24,300] [main] INFO  org.jgap.gp.impl.GPGenotype  - Depth of chrom: 3
[09.11.2014 13:24:24,410] [main] INFO  org.jgap.gp.impl.GPGenotype  - Best solution fitness: 70.0
[09.11.2014 13:24:24,411] [main] INFO  org.jgap.gp.impl.GPGenotype  - Best solution: ((Y + X) + (2 * X)) + ((Y * 2) + (X * X))
[09.11.2014 13:24:24,411] [main] INFO  org.jgap.gp.impl.GPGenotype  - Depth of chrom: 3
[09.11.2014 13:24:24,518] [main] INFO  org.jgap.gp.impl.GPGenotype  - Best solution fitness: 25.0
[09.11.2014 13:24:24,519] [main] INFO  org.jgap.gp.impl.GPGenotype  - Best solution: ((3 * X) + (X * X)) + (Y + Y)
[09.11.2014 13:24:24,519] [main] INFO  org.jgap.gp.impl.GPGenotype  - Depth of chrom: 3
[09.11.2014 13:24:24,942] [main] INFO  org.jgap.gp.impl.GPGenotype  - Best solution fitness: 10.0
[09.11.2014 13:24:24,944] [main] INFO  org.jgap.gp.impl.GPGenotype  - Best solution: (Y + 3) + (((3 + X) * X) + Y)
[09.11.2014 13:24:24,944] [main] INFO  org.jgap.gp.impl.GPGenotype  - Depth of chrom: 4
[09.11.2014 13:24:25,005] [main] INFO  org.jgap.gp.impl.GPGenotype  - Best solution fitness: 5.0
[09.11.2014 13:24:25,005] [main] INFO  org.jgap.gp.impl.GPGenotype  - Best solution: ((Y + X) + (X + 6)) + ((X + Y) + (X * X))
[09.11.2014 13:24:25,006] [main] INFO  org.jgap.gp.impl.GPGenotype  - Depth of chrom: 3
[09.11.2014 13:24:25,232] [main] INFO  org.jgap.gp.impl.GPGenotype  - Best solution fitness: 0.0
[09.11.2014 13:24:25,232] [main] INFO  org.jgap.gp.impl.GPGenotype  - Best solution: (((X * X) + Y) + Y) + ((3 * X) + 5)
[09.11.2014 13:24:25,232] [main] INFO  org.jgap.gp.impl.GPGenotype  - Depth of chrom: 4
[09.11.2014 13:24:25,401] [main] INFO  org.jgap.gp.impl.GPGenotype  - Evolving generation 25, memory free: 78.2 MB
[09.11.2014 13:24:25,585] [main] INFO  org.jgap.gp.impl.GPGenotype  - Best solution fitness: 0.0
[09.11.2014 13:24:25,585] [main] INFO  org.jgap.gp.impl.GPGenotype  - Best solution: (((X * X) + Y) + Y) + ((3 * X) + 5)
[09.11.2014 13:24:25,585] [main] INFO  org.jgap.gp.impl.GPGenotype  - Depth of chrom: 4
[10.11.2014 02:15:08,585] [main] INFO  org.jgap.gp.impl.GPGenotype  - Creating initial population
[10.11.2014 02:15:08,590] [main] INFO  org.jgap.gp.impl.GPGenotype  - Mem free: 61.5 MB
[10.11.2014 02:15:08,600] [main] INFO  org.jgap.gp.impl.GPPopulation  - Prototype program set
[10.11.2014 02:15:08,677] [main] INFO  org.jgap.gp.impl.GPGenotype  - Mem free after creating population: 61.5 MB
[10.11.2014 02:24:39,422] [main] INFO  org.jgap.gp.impl.GPGenotype  - Creating initial population
[10.11.2014 02:24:39,427] [main] INFO  org.jgap.gp.impl.GPGenotype  - Mem free: 61.5 MB
[10.11.2014 02:24:39,439] [main] INFO  org.jgap.gp.impl.GPPopulation  - Prototype program set
[10.11.2014 02:24:39,557] [main] INFO  org.jgap.gp.impl.GPGenotype  - Mem free after creating population: 61.5 MB
[10.11.2014 02:24:39,560] [main] INFO  org.jgap.gp.impl.GPGenotype  - Evolving generation 0, memory free: 59.5 MB
[10.11.2014 02:28:27,045] [main] INFO  org.jgap.gp.impl.GPGenotype  - Best solution fitness: 87.0
[10.11.2014 02:28:27,049] [main] INFO  org.jgap.gp.impl.GPGenotype  - Best solution: ((5 + X) + (X + Y)) + ((X + X) + (X * X))
[10.11.2014 02:28:27,050] [main] INFO  org.jgap.gp.impl.GPGenotype  - Depth of chrom: 3
[10.11.2014 02:28:27,243] [main] INFO  org.jgap.gp.impl.GPGenotype  - Best solution fitness: 79.0
[10.11.2014 02:28:27,245] [main] INFO  org.jgap.gp.impl.GPGenotype  - Best solution: (Y + Y) + ((((X * X) + X) + (3 + Y)) + (X + X))
[10.11.2014 02:28:27,245] [main] INFO  org.jgap.gp.impl.GPGenotype  - Depth of chrom: 5
[10.11.2014 02:28:27,352] [main] INFO  org.jgap.gp.impl.GPGenotype  - Best solution fitness: 10.0
[10.11.2014 02:28:27,353] [main] INFO  org.jgap.gp.impl.GPGenotype  - Best solution: (Y * 2) + ((X + X) + ((X + 3) + (X * X)))
[10.11.2014 02:28:27,353] [main] INFO  org.jgap.gp.impl.GPGenotype  - Depth of chrom: 4
[10.11.2014 02:28:27,814] [main] INFO  org.jgap.gp.impl.GPGenotype  - Best solution fitness: 5.0
[10.11.2014 02:28:27,814] [main] INFO  org.jgap.gp.impl.GPGenotype  - Best solution: X + ((((X + Y) + (4 + Y)) + (X * X)) + X)
[10.11.2014 02:28:27,814] [main] INFO  org.jgap.gp.impl.GPGenotype  - Depth of chrom: 5
[10.11.2014 02:28:28,031] [main] INFO  org.jgap.gp.impl.GPGenotype  - Best solution fitness: 0.0
[10.11.2014 02:28:28,032] [main] INFO  org.jgap.gp.impl.GPGenotype  - Best solution: (Y + ((X * (2 + X)) + (Y + X))) + 5
[10.11.2014 02:28:28,033] [main] INFO  org.jgap.gp.impl.GPGenotype  - Depth of chrom: 5
[10.11.2014 02:28:28,317] [main] INFO  org.jgap.gp.impl.GPGenotype  - Evolving generation 25, memory free: 79.7 MB
[10.11.2014 02:28:28,624] [main] INFO  org.jgap.gp.impl.GPGenotype  - Best solution fitness: 0.0
[10.11.2014 02:28:28,625] [main] INFO  org.jgap.gp.impl.GPGenotype  - Best solution: (Y + ((X * (2 + X)) + (Y + X))) + 5
[10.11.2014 02:28:28,625] [main] INFO  org.jgap.gp.impl.GPGenotype  - Depth of chrom: 5
[10.11.2014 02:42:49,575] [main] INFO  org.jgap.gp.impl.GPGenotype  - Creating initial population
[10.11.2014 02:42:49,581] [main] INFO  org.jgap.gp.impl.GPGenotype  - Mem free: 61.5 MB
[10.11.2014 02:42:49,592] [main] INFO  org.jgap.gp.impl.GPPopulation  - Prototype program set
[10.11.2014 02:42:49,679] [main] INFO  org.jgap.gp.impl.GPGenotype  - Mem free after creating population: 61.5 MB
[10.11.2014 02:42:49,683] [main] INFO  org.jgap.gp.impl.GPGenotype  - Evolving generation 0, memory free: 59.3 MB
[10.11.2014 02:42:49,849] [main] INFO  org.jgap.gp.impl.GPGenotype  - Best solution fitness: 2966.0
[10.11.2014 02:42:49,853] [main] INFO  org.jgap.gp.impl.GPGenotype  - Best solution: ((X + X) + (X + X)) + (((X + Y) + (X + X)) + (X + X))
[10.11.2014 02:42:49,855] [main] INFO  org.jgap.gp.impl.GPGenotype  - Depth of chrom: 4
[10.11.2014 02:42:50,043] [main] INFO  org.jgap.gp.impl.GPGenotype  - Best solution fitness: 2929.0
[10.11.2014 02:42:50,044] [main] INFO  org.jgap.gp.impl.GPGenotype  - Best solution: (((X + X) + (X + X)) + ((X + X) + (X + X))) + (X + X)
[10.11.2014 02:42:50,044] [main] INFO  org.jgap.gp.impl.GPGenotype  - Depth of chrom: 4
[10.11.2014 02:42:50,868] [main] INFO  org.jgap.gp.impl.GPGenotype  - Evolving generation 25, memory free: 41.3 MB
[10.11.2014 02:42:51,008] [main] INFO  org.jgap.gp.impl.GPGenotype  - Best solution fitness: 2929.0
[10.11.2014 02:42:51,008] [main] INFO  org.jgap.gp.impl.GPGenotype  - Best solution: (((X + X) + (X + X)) + ((X + X) + (X + X))) + (X + X)
[10.11.2014 02:42:51,009] [main] INFO  org.jgap.gp.impl.GPGenotype  - Depth of chrom: 4
[10.11.2014 03:09:39,546] [main] INFO  org.jgap.gp.impl.GPGenotype  - Creating initial population
[10.11.2014 03:09:39,552] [main] INFO  org.jgap.gp.impl.GPGenotype  - Mem free: 61.5 MB
[10.11.2014 03:09:39,564] [main] INFO  org.jgap.gp.impl.GPPopulation  - Prototype program set
[10.11.2014 03:09:39,617] [main] INFO  org.jgap.gp.impl.GPGenotype  - Mem free after creating population: 61.5 MB
[10.11.2014 03:09:39,619] [main] INFO  org.jgap.gp.impl.GPGenotype  - Evolving generation 0, memory free: 59.4 MB
[10.11.2014 03:10:37,865] [main] INFO  org.jgap.gp.impl.GPGenotype  - Creating initial population
[10.11.2014 03:10:37,872] [main] INFO  org.jgap.gp.impl.GPGenotype  - Mem free: 61.5 MB
[10.11.2014 03:10:37,882] [main] INFO  org.jgap.gp.impl.GPPopulation  - Prototype program set
[10.11.2014 03:10:37,943] [main] INFO  org.jgap.gp.impl.GPGenotype  - Mem free after creating population: 61.5 MB
[10.11.2014 03:10:37,945] [main] INFO  org.jgap.gp.impl.GPGenotype  - Evolving generation 0, memory free: 59.4 MB
[10.11.2014 03:13:57,575] [main] INFO  org.jgap.gp.impl.GPGenotype  - Creating initial population
[10.11.2014 03:13:57,581] [main] INFO  org.jgap.gp.impl.GPGenotype  - Mem free: 61.5 MB
[10.11.2014 03:13:57,593] [main] INFO  org.jgap.gp.impl.GPPopulation  - Prototype program set
[10.11.2014 03:13:57,651] [main] INFO  org.jgap.gp.impl.GPGenotype  - Mem free after creating population: 61.5 MB
[10.11.2014 03:13:57,653] [main] INFO  org.jgap.gp.impl.GPGenotype  - Evolving generation 0, memory free: 59.4 MB
[10.11.2014 03:14:45,894] [main] INFO  org.jgap.gp.impl.GPGenotype  - Creating initial population
[10.11.2014 03:14:45,900] [main] INFO  org.jgap.gp.impl.GPGenotype  - Mem free: 61.5 MB
[10.11.2014 03:14:45,914] [main] INFO  org.jgap.gp.impl.GPPopulation  - Prototype program set
[10.11.2014 03:14:45,975] [main] INFO  org.jgap.gp.impl.GPGenotype  - Mem free after creating population: 61.5 MB
[10.11.2014 03:14:45,976] [main] INFO  org.jgap.gp.impl.GPGenotype  - Evolving generation 0, memory free: 59.4 MB
